<?xml version="1.0" encoding="UTF-8"?>
<testsuite name="com.bridgelabz.selenium.test.AmazonTest" tests="4" skipped="0" failures="0" errors="0" timestamp="2021-05-23T09:36:43" hostname="LAPTOP-VA1S61KV" time="78.981">
  <properties/>
  <testcase name="amazon_Login" classname="com.bridgelabz.selenium.test.AmazonTest" time="64.266"/>
  <testcase name="amazon_Search" classname="com.bridgelabz.selenium.test.AmazonTest" time="10.19"/>
  <testcase name="select_From_Menu" classname="com.bridgelabz.selenium.test.AmazonTest" time="1.949"/>
  <testcase name="select_Your_Account" classname="com.bridgelabz.selenium.test.AmazonTest" time="2.576"/>
  <system-out><![CDATA[Logged in into the application
Screenshot Taken
Result showing for search item
Screenshot Taken
Menu button selected
Screenshot Taken
Open Your Account
Screenshot Taken
]]></system-out>
  <system-err><![CDATA[]]></system-err>
</testsuite>
